IP Upgrade report for DiceGame
Mon Nov 26 19:29:51 2018
Quartus Prime Version 18.1.0 Build 625 09/12/2018 SJ Lite Edition


---------------------
; Table of Contents ;
---------------------
  1. Legal Notice
  2. IP Upgrade Summary
  3. Successfully Upgraded IP Components
  4. IP Upgrade Messages



----------------
; Legal Notice ;
----------------
Copyright (C) 2018  Intel Corporation. All rights reserved.
Your use of Intel Corporation's design tools, logic functions 
and other software and tools, and its AMPP partner logic 
functions, and any output files from any of the foregoing 
(including device programming or simulation files), and any 
associated documentation or information are expressly subject 
to the terms and conditions of the Intel Program License 
Subscription Agreement, the Intel Quartus Prime License Agreement,
the Intel FPGA IP License Agreement, or other applicable license
agreement, including, without limitation, that your use is for
the sole purpose of programming logic devices manufactured by
Intel and sold by Intel or its authorized distributors.  Please
refer to the applicable agreement for further details.



+----------------------------------------------------------------------------+
; IP Upgrade Summary                                                         ;
+------------------------------+---------------------------------------------+
; IP Components Upgrade Status ; Passed - Mon Nov 26 19:29:51 2018           ;
; Quartus Prime Version        ; 18.1.0 Build 625 09/12/2018 SJ Lite Edition ;
; Revision Name                ; DiceGame                                    ;
; Top-level Entity Name        ; DiceGame                                    ;
; Family                       ; Cyclone V                                   ;
+------------------------------+---------------------------------------------+


+------------------------------------------------------------------------------------------------------------------+
; Successfully Upgraded IP Components                                                                              ;
+-------------+----------------+---------+----------------------+----------------------+-----------------+---------+
; Entity Name ; Component Name ; Version ; Original Source File ; Generation File Path ; New Source File ; Message ;
+-------------+----------------+---------+----------------------+----------------------+-----------------+---------+
; Clock_Gen   ; altera_pll     ; 17.1    ; Clock_Gen.qip        ; Clock_Gen.v          ; Clock_Gen.qip   ;         ;
; Clock_PLL   ; altera_pll     ; 17.1    ; Clock_PLL.qip        ; Clock_PLL.v          ; Clock_PLL.qip   ;         ;
+-------------+----------------+---------+----------------------+----------------------+-----------------+---------+


+---------------------+
; IP Upgrade Messages ;
+---------------------+
Info (11902): Backing up file "Clock_Gen.v" to "Clock_Gen.BAK.v"
Info (11837): Started upgrading IP component altera_pll with file "Clock_Gen.v"
Info (11902): Backing up file "Clock_PLL.v" to "Clock_PLL.BAK.v"
Info (11837): Started upgrading IP component altera_pll with file "Clock_PLL.v"
Info (11131): Completed upgrading IP component altera_pll with file "Clock_Gen.v"
Info (11131): Completed upgrading IP component altera_pll with file "Clock_PLL.v"
Info (23030): Evaluation of Tcl script c:/intelfpga_lite/18.1/quartus/common/tcl/internal/ip_regen/ip_regen.tcl was successful
Info: Quartus Prime Shell was successful. 0 errors, 2 warnings
    Info: Peak virtual memory: 4872 megabytes
    Info: Processing ended: Mon Nov 26 19:29:51 2018
    Info: Elapsed time: 00:02:20
    Info: Total CPU time (on all processors): 00:00:36


